<?xml version="1.0" encoding="UTF-8"?>
<testsuite name="com.firstfewlines.SeleniumJUnitTest" tests="4" skipped="1" failures="0" errors="0" timestamp="2021-02-02T12:25:24" hostname="50HW017020" time="9.58">
  <properties/>
  <testcase name="abrirAplicacion" classname="com.firstfewlines.SeleniumJUnitTest" time="6.751"/>
  <testcase name="esperarNavegacion" classname="com.firstfewlines.SeleniumJUnitTest" time="0.097"/>
  <testcase name="ignoreElTest" classname="com.firstfewlines.SeleniumJUnitTest" time="0.0">
    <skipped/>
  </testcase>
  <testcase name="ingresarBusqueda" classname="com.firstfewlines.SeleniumJUnitTest" time="2.727"/>
  <system-out><![CDATA[abrir ChromeDriver
abrir Aplicacion: https://www.google.com/
esperar Navegacion
ingresar Busqueda
cerrar ChromeDriver
]]></system-out>
  <system-err><![CDATA[Starting ChromeDriver 88.0.4324.96 (68dba2d8a0b149a1d3afac56fa74648032bcf46b-refs/branch-heads/4324@{#1784}) on port 41136
Only local connections are allowed.
Please see https://chromedriver.chromium.org/security-considerations for suggestions on keeping ChromeDriver safe.
ChromeDriver was started successfully.
Feb 02, 2021 7:25:24 AM org.openqa.selenium.remote.ProtocolHandshake createSession
INFO: Detected dialect: W3C
]]></system-err>
</testsuite>
