<?xml version="1.0" encoding="UTF-8"?>
<testsuite name="com.firstfewlines.CuentasTest" tests="1" skipped="0" failures="0" errors="0" timestamp="2021-02-06T16:11:55" hostname="50HW016964" time="0.397">
  <properties/>
  <testcase name="validarSiCuentaExiste" classname="com.firstfewlines.CuentasTest" time="0.397"/>
  <system-out><![CDATA[]]></system-out>
  <system-err><![CDATA[]]></system-err>
</testsuite>
