<?xml version="1.0" encoding="UTF-8"?>
<testsuite name="com.firstfewlines.TestCuentaCorriente" tests="2" skipped="0" failures="0" errors="0" timestamp="2021-02-06T15:56:28" hostname="50HW017020" time="0.001">
  <properties/>
  <testcase name="alCrearCuentaTengoUnPreaprobado" classname="com.firstfewlines.TestCuentaCorriente" time="0.001"/>
  <testcase name="compraConValorMayorAlPreaprobado" classname="com.firstfewlines.TestCuentaCorriente" time="0.0"/>
  <system-out><![CDATA[]]></system-out>
  <system-err><![CDATA[]]></system-err>
</testsuite>
