<?xml version="1.0" encoding="UTF-8"?>
<testsuite name="com.firstfewlines.TestSeleniumJunit" tests="3" skipped="0" failures="0" errors="0" timestamp="2021-02-06T15:56:33" hostname="50HW017020" time="5.228">
  <properties/>
  <testcase name="abrirAplicacion" classname="com.firstfewlines.TestSeleniumJunit" time="2.628"/>
  <testcase name="esperarNavegador" classname="com.firstfewlines.TestSeleniumJunit" time="0.104"/>
  <testcase name="ingresarBusquedad" classname="com.firstfewlines.TestSeleniumJunit" time="2.495"/>
  <system-out><![CDATA[10:56:31.217 [Forwarding newSession on session null to remote] DEBUG org.apache.http.client.protocol.RequestAddCookies - CookieSpec selected: default
10:56:31.250 [Forwarding newSession on session null to remote] DEBUG org.apache.http.client.protocol.RequestAuthCache - Auth cache not set in the context
10:56:31.253 [Forwarding newSession on session null to remote] DEBUG org.apache.http.impl.conn.PoolingHttpClientConnectionManager - Connection request: [route: {}->http://localhost:48753][total kept alive: 0; route allocated: 0 of 2000; total allocated: 0 of 2000]
10:56:31.279 [Forwarding newSession on session null to remote] DEBUG org.apache.http.impl.conn.PoolingHttpClientConnectionManager - Connection leased: [id: 0][route: {}->http://localhost:48753][total kept alive: 0; route allocated: 1 of 2000; total allocated: 1 of 2000]
10:56:31.282 [Forwarding newSession on session null to remote] DEBUG org.apache.http.impl.execchain.MainClientExec - Opening connection {}->http://localhost:48753
10:56:31.283 [Forwarding newSession on session null to remote] DEBUG org.apache.http.impl.conn.DefaultHttpClientConnectionOperator - Connecting to localhost/127.0.0.1:48753
10:56:31.285 [Forwarding newSession on session null to remote] DEBUG org.apache.http.impl.conn.DefaultHttpClientConnectionOperator - Connection established 127.0.0.1:59685<->127.0.0.1:48753
10:56:31.286 [Forwarding newSession on session null to remote] DEBUG org.apache.http.impl.conn.DefaultManagedHttpClientConnection - http-outgoing-0: set socket timeout to 10800000
10:56:31.286 [Forwarding newSession on session null to remote] DEBUG org.apache.http.impl.execchain.MainClientExec - Executing request POST /session HTTP/1.1
10:56:31.286 [Forwarding newSession on session null to remote] DEBUG org.apache.http.impl.execchain.MainClientExec - Target auth state: UNCHALLENGED
10:56:31.288 [Forwarding newSession on session null to remote] DEBUG org.apache.http.impl.execchain.MainClientExec - Proxy auth state: UNCHALLENGED
10:56:31.290 [Forwarding newSession on session null to remote] DEBUG org.apache.http.headers - http-outgoing-0 >> POST /session HTTP/1.1
10:56:31.290 [Forwarding newSession on session null to remote] DEBUG org.apache.http.headers - http-outgoing-0 >> Content-Type: application/json; charset=utf-8
10:56:31.290 [Forwarding newSession on session null to remote] DEBUG org.apache.http.headers - http-outgoing-0 >> Content-Length: 550
10:56:31.290 [Forwarding newSession on session null to remote] DEBUG org.apache.http.headers - http-outgoing-0 >> Host: localhost:48753
10:56:31.290 [Forwarding newSession on session null to remote] DEBUG org.apache.http.headers - http-outgoing-0 >> Connection: Keep-Alive
10:56:31.290 [Forwarding newSession on session null to remote] DEBUG org.apache.http.headers - http-outgoing-0 >> User-Agent: Apache-HttpClient/4.5.3 (Java/1.8.0_281)
10:56:31.290 [Forwarding newSession on session null to remote] DEBUG org.apache.http.headers - http-outgoing-0 >> Accept-Encoding: gzip,deflate
10:56:31.290 [Forwarding newSession on session null to remote] DEBUG org.apache.http.wire - http-outgoing-0 >> "POST /session HTTP/1.1[\r][\n]"
10:56:31.290 [Forwarding newSession on session null to remote] DEBUG org.apache.http.wire - http-outgoing-0 >> "Content-Type: application/json; charset=utf-8[\r][\n]"
10:56:31.290 [Forwarding newSession on session null to remote] DEBUG org.apache.http.wire - http-outgoing-0 >> "Content-Length: 550[\r][\n]"
10:56:31.292 [Forwarding newSession on session null to remote] DEBUG org.apache.http.wire - http-outgoing-0 >> "Host: localhost:48753[\r][\n]"
10:56:31.292 [Forwarding newSession on session null to remote] DEBUG org.apache.http.wire - http-outgoing-0 >> "Connection: Keep-Alive[\r][\n]"
10:56:31.293 [Forwarding newSession on session null to remote] DEBUG org.apache.http.wire - http-outgoing-0 >> "User-Agent: Apache-HttpClient/4.5.3 (Java/1.8.0_281)[\r][\n]"
10:56:31.293 [Forwarding newSession on session null to remote] DEBUG org.apache.http.wire - http-outgoing-0 >> "Accept-Encoding: gzip,deflate[\r][\n]"
10:56:31.293 [Forwarding newSession on session null to remote] DEBUG org.apache.http.wire - http-outgoing-0 >> "[\r][\n]"
10:56:31.293 [Forwarding newSession on session null to remote] DEBUG org.apache.http.wire - http-outgoing-0 >> "{[\n]"
10:56:31.293 [Forwarding newSession on session null to remote] DEBUG org.apache.http.wire - http-outgoing-0 >> "  "desiredCapabilities": {[\n]"
10:56:31.293 [Forwarding newSession on session null to remote] DEBUG org.apache.http.wire - http-outgoing-0 >> "    "browserName": "chrome",[\n]"
10:56:31.293 [Forwarding newSession on session null to remote] DEBUG org.apache.http.wire - http-outgoing-0 >> "    "chromeOptions": {[\n]"
10:56:31.293 [Forwarding newSession on session null to remote] DEBUG org.apache.http.wire - http-outgoing-0 >> "      "args": [],[\n]"
10:56:31.294 [Forwarding newSession on session null to remote] DEBUG org.apache.http.wire - http-outgoing-0 >> "      "extensions": [][\n]"
10:56:31.294 [Forwarding newSession on session null to remote] DEBUG org.apache.http.wire - http-outgoing-0 >> "    },[\n]"
10:56:31.294 [Forwarding newSession on session null to remote] DEBUG org.apache.http.wire - http-outgoing-0 >> "    "version": "",[\n]"
10:56:31.294 [Forwarding newSession on session null to remote] DEBUG org.apache.http.wire - http-outgoing-0 >> "    "platform": "ANY"[\n]"
10:56:31.294 [Forwarding newSession on session null to remote] DEBUG org.apache.http.wire - http-outgoing-0 >> "  },[\n]"
10:56:31.295 [Forwarding newSession on session null to remote] DEBUG org.apache.http.wire - http-outgoing-0 >> "  "requiredCapabilities": {},[\n]"
10:56:31.295 [Forwarding newSession on session null to remote] DEBUG org.apache.http.wire - http-outgoing-0 >> "  "capabilities": {[\n]"
10:56:31.295 [Forwarding newSession on session null to remote] DEBUG org.apache.http.wire - http-outgoing-0 >> "    "desiredCapabilities": {[\n]"
10:56:31.296 [Forwarding newSession on session null to remote] DEBUG org.apache.http.wire - http-outgoing-0 >> "      "browserName": "chrome",[\n]"
10:56:31.296 [Forwarding newSession on session null to remote] DEBUG org.apache.http.wire - http-outgoing-0 >> "      "chromeOptions": {[\n]"
10:56:31.297 [Forwarding newSession on session null to remote] DEBUG org.apache.http.wire - http-outgoing-0 >> "        "args": [],[\n]"
10:56:31.297 [Forwarding newSession on session null to remote] DEBUG org.apache.http.wire - http-outgoing-0 >> "        "extensions": [][\n]"
10:56:31.297 [Forwarding newSession on session null to remote] DEBUG org.apache.http.wire - http-outgoing-0 >> "      },[\n]"
10:56:31.297 [Forwarding newSession on session null to remote] DEBUG org.apache.http.wire - http-outgoing-0 >> "      "version": "",[\n]"
10:56:31.297 [Forwarding newSession on session null to remote] DEBUG org.apache.http.wire - http-outgoing-0 >> "      "platform": "ANY"[\n]"
10:56:31.297 [Forwarding newSession on session null to remote] DEBUG org.apache.http.wire - http-outgoing-0 >> "    },[\n]"
10:56:31.297 [Forwarding newSession on session null to remote] DEBUG org.apache.http.wire - http-outgoing-0 >> "    "requiredCapabilities": {},[\n]"
10:56:31.297 [Forwarding newSession on session null to remote] DEBUG org.apache.http.wire - http-outgoing-0 >> "    "alwaysMatch": {},[\n]"
10:56:31.298 [Forwarding newSession on session null to remote] DEBUG org.apache.http.wire - http-outgoing-0 >> "    "firstMatch": [[\n]"
10:56:31.298 [Forwarding newSession on session null to remote] DEBUG org.apache.http.wire - http-outgoing-0 >> "      {[\n]"
10:56:31.298 [Forwarding newSession on session null to remote] DEBUG org.apache.http.wire - http-outgoing-0 >> "        "browserName": "chrome"[\n]"
10:56:31.298 [Forwarding newSession on session null to remote] DEBUG org.apache.http.wire - http-outgoing-0 >> "      }[\n]"
10:56:31.298 [Forwarding newSession on session null to remote] DEBUG org.apache.http.wire - http-outgoing-0 >> "    ][\n]"
10:56:31.298 [Forwarding newSession on session null to remote] DEBUG org.apache.http.wire - http-outgoing-0 >> "  }[\n]"
10:56:31.298 [Forwarding newSession on session null to remote] DEBUG org.apache.http.wire - http-outgoing-0 >> "}"
10:56:32.922 [Forwarding newSession on session null to remote] DEBUG org.apache.http.wire - http-outgoing-0 << "HTTP/1.1 200 OK[\r][\n]"
10:56:32.923 [Forwarding newSession on session null to remote] DEBUG org.apache.http.wire - http-outgoing-0 << "Content-Length:757[\r][\n]"
10:56:32.923 [Forwarding newSession on session null to remote] DEBUG org.apache.http.wire - http-outgoing-0 << "Content-Type:application/json; charset=utf-8[\r][\n]"
10:56:32.923 [Forwarding newSession on session null to remote] DEBUG org.apache.http.wire - http-outgoing-0 << "cache-control:no-cache[\r][\n]"
10:56:32.924 [Forwarding newSession on session null to remote] DEBUG org.apache.http.wire - http-outgoing-0 << "[\r][\n]"
10:56:32.924 [Forwarding newSession on session null to remote] DEBUG org.apache.http.wire - http-outgoing-0 << "{"value":{"capabilities":{"acceptInsecureCerts":false,"browserName":"chrome","browserVersion":"88.0.4324.146","chrome":{"chromedriverVersion":"88.0.4324.96 (68dba2d8a0b149a1d3afac56fa74648032bcf46b-refs/branch-heads/4324@{#1784})","userDataDir":"C:\\Users\\1627706\\AppData\\Local\\Temp\\scoped_dir21768_2040462129"},"goog:chromeOptions":{"debuggerAddress":"localhost:59688"},"networkConnectionEnabled":false,"pageLoadStrategy":"normal","platformName":"windows","proxy":{},"setWindowRect":true,"strictFileInteractability":false,"timeouts":{"implicit":0,"pageLoad":300000,"script":30000},"unhandledPromptBehavior":"dismiss and notify","webauthn:extension:largeBlob":true,"webauthn:virtualAuthenticators":true},"sessionId":"d306150d0096aec5884f9b1ce5da0875"}}"
10:56:32.936 [Forwarding newSession on session null to remote] DEBUG org.apache.http.headers - http-outgoing-0 << HTTP/1.1 200 OK
10:56:32.936 [Forwarding newSession on session null to remote] DEBUG org.apache.http.headers - http-outgoing-0 << Content-Length:757
10:56:32.936 [Forwarding newSession on session null to remote] DEBUG org.apache.http.headers - http-outgoing-0 << Content-Type:application/json; charset=utf-8
10:56:32.936 [Forwarding newSession on session null to remote] DEBUG org.apache.http.headers - http-outgoing-0 << cache-control:no-cache
10:56:32.951 [Forwarding newSession on session null to remote] DEBUG org.apache.http.impl.execchain.MainClientExec - Connection can be kept alive indefinitely
10:56:32.958 [Forwarding newSession on session null to remote] DEBUG org.apache.http.impl.conn.PoolingHttpClientConnectionManager - Connection [id: 0][route: {}->http://localhost:48753] can be kept alive indefinitely
10:56:32.961 [Forwarding newSession on session null to remote] DEBUG org.apache.http.impl.conn.PoolingHttpClientConnectionManager - Connection released: [id: 0][route: {}->http://localhost:48753][total kept alive: 1; route allocated: 1 of 2000; total allocated: 1 of 2000]
10:56:33.111 [Forwarding get on session d306150d0096aec5884f9b1ce5da0875 to remote] DEBUG org.apache.http.client.protocol.RequestAddCookies - CookieSpec selected: default
10:56:33.112 [Forwarding get on session d306150d0096aec5884f9b1ce5da0875 to remote] DEBUG org.apache.http.client.protocol.RequestAuthCache - Auth cache not set in the context
10:56:33.113 [Forwarding get on session d306150d0096aec5884f9b1ce5da0875 to remote] DEBUG org.apache.http.impl.conn.PoolingHttpClientConnectionManager - Connection request: [route: {}->http://localhost:48753][total kept alive: 1; route allocated: 1 of 2000; total allocated: 1 of 2000]
10:56:33.114 [Forwarding get on session d306150d0096aec5884f9b1ce5da0875 to remote] DEBUG org.apache.http.impl.conn.PoolingHttpClientConnectionManager - Connection leased: [id: 0][route: {}->http://localhost:48753][total kept alive: 0; route allocated: 1 of 2000; total allocated: 1 of 2000]
10:56:33.115 [Forwarding get on session d306150d0096aec5884f9b1ce5da0875 to remote] DEBUG org.apache.http.impl.execchain.MainClientExec - Stale connection check
10:56:33.128 [Forwarding get on session d306150d0096aec5884f9b1ce5da0875 to remote] DEBUG org.apache.http.wire - http-outgoing-0 << "[read] I/O error: Read timed out"
10:56:33.128 [Forwarding get on session d306150d0096aec5884f9b1ce5da0875 to remote] DEBUG org.apache.http.impl.conn.DefaultManagedHttpClientConnection - http-outgoing-0: set socket timeout to 10800000
10:56:33.129 [Forwarding get on session d306150d0096aec5884f9b1ce5da0875 to remote] DEBUG org.apache.http.impl.execchain.MainClientExec - Executing request POST /session/d306150d0096aec5884f9b1ce5da0875/url HTTP/1.1
10:56:33.129 [Forwarding get on session d306150d0096aec5884f9b1ce5da0875 to remote] DEBUG org.apache.http.impl.execchain.MainClientExec - Target auth state: UNCHALLENGED
10:56:33.129 [Forwarding get on session d306150d0096aec5884f9b1ce5da0875 to remote] DEBUG org.apache.http.impl.execchain.MainClientExec - Proxy auth state: UNCHALLENGED
10:56:33.129 [Forwarding get on session d306150d0096aec5884f9b1ce5da0875 to remote] DEBUG org.apache.http.headers - http-outgoing-0 >> POST /session/d306150d0096aec5884f9b1ce5da0875/url HTTP/1.1
10:56:33.129 [Forwarding get on session d306150d0096aec5884f9b1ce5da0875 to remote] DEBUG org.apache.http.headers - http-outgoing-0 >> Content-Type: application/json; charset=utf-8
10:56:33.129 [Forwarding get on session d306150d0096aec5884f9b1ce5da0875 to remote] DEBUG org.apache.http.headers - http-outgoing-0 >> Content-Length: 32
10:56:33.129 [Forwarding get on session d306150d0096aec5884f9b1ce5da0875 to remote] DEBUG org.apache.http.headers - http-outgoing-0 >> Host: localhost:48753
10:56:33.129 [Forwarding get on session d306150d0096aec5884f9b1ce5da0875 to remote] DEBUG org.apache.http.headers - http-outgoing-0 >> Connection: Keep-Alive
10:56:33.129 [Forwarding get on session d306150d0096aec5884f9b1ce5da0875 to remote] DEBUG org.apache.http.headers - http-outgoing-0 >> User-Agent: Apache-HttpClient/4.5.3 (Java/1.8.0_281)
10:56:33.130 [Forwarding get on session d306150d0096aec5884f9b1ce5da0875 to remote] DEBUG org.apache.http.headers - http-outgoing-0 >> Accept-Encoding: gzip,deflate
10:56:33.130 [Forwarding get on session d306150d0096aec5884f9b1ce5da0875 to remote] DEBUG org.apache.http.wire - http-outgoing-0 >> "POST /session/d306150d0096aec5884f9b1ce5da0875/url HTTP/1.1[\r][\n]"
10:56:33.130 [Forwarding get on session d306150d0096aec5884f9b1ce5da0875 to remote] DEBUG org.apache.http.wire - http-outgoing-0 >> "Content-Type: application/json; charset=utf-8[\r][\n]"
10:56:33.130 [Forwarding get on session d306150d0096aec5884f9b1ce5da0875 to remote] DEBUG org.apache.http.wire - http-outgoing-0 >> "Content-Length: 32[\r][\n]"
10:56:33.130 [Forwarding get on session d306150d0096aec5884f9b1ce5da0875 to remote] DEBUG org.apache.http.wire - http-outgoing-0 >> "Host: localhost:48753[\r][\n]"
10:56:33.130 [Forwarding get on session d306150d0096aec5884f9b1ce5da0875 to remote] DEBUG org.apache.http.wire - http-outgoing-0 >> "Connection: Keep-Alive[\r][\n]"
10:56:33.130 [Forwarding get on session d306150d0096aec5884f9b1ce5da0875 to remote] DEBUG org.apache.http.wire - http-outgoing-0 >> "User-Agent: Apache-HttpClient/4.5.3 (Java/1.8.0_281)[\r][\n]"
10:56:33.130 [Forwarding get on session d306150d0096aec5884f9b1ce5da0875 to remote] DEBUG org.apache.http.wire - http-outgoing-0 >> "Accept-Encoding: gzip,deflate[\r][\n]"
10:56:33.131 [Forwarding get on session d306150d0096aec5884f9b1ce5da0875 to remote] DEBUG org.apache.http.wire - http-outgoing-0 >> "[\r][\n]"
10:56:33.131 [Forwarding get on session d306150d0096aec5884f9b1ce5da0875 to remote] DEBUG org.apache.http.wire - http-outgoing-0 >> "{"url":"https://www.google.com"}"
10:56:35.725 [Forwarding get on session d306150d0096aec5884f9b1ce5da0875 to remote] DEBUG org.apache.http.wire - http-outgoing-0 << "HTTP/1.1 200 OK[\r][\n]"
10:56:35.726 [Forwarding get on session d306150d0096aec5884f9b1ce5da0875 to remote] DEBUG org.apache.http.wire - http-outgoing-0 << "Content-Length:14[\r][\n]"
10:56:35.726 [Forwarding get on session d306150d0096aec5884f9b1ce5da0875 to remote] DEBUG org.apache.http.wire - http-outgoing-0 << "Content-Type:application/json; charset=utf-8[\r][\n]"
10:56:35.726 [Forwarding get on session d306150d0096aec5884f9b1ce5da0875 to remote] DEBUG org.apache.http.wire - http-outgoing-0 << "cache-control:no-cache[\r][\n]"
10:56:35.726 [Forwarding get on session d306150d0096aec5884f9b1ce5da0875 to remote] DEBUG org.apache.http.wire - http-outgoing-0 << "[\r][\n]"
10:56:35.726 [Forwarding get on session d306150d0096aec5884f9b1ce5da0875 to remote] DEBUG org.apache.http.wire - http-outgoing-0 << "{"value":null}"
10:56:35.727 [Forwarding get on session d306150d0096aec5884f9b1ce5da0875 to remote] DEBUG org.apache.http.headers - http-outgoing-0 << HTTP/1.1 200 OK
10:56:35.727 [Forwarding get on session d306150d0096aec5884f9b1ce5da0875 to remote] DEBUG org.apache.http.headers - http-outgoing-0 << Content-Length:14
10:56:35.727 [Forwarding get on session d306150d0096aec5884f9b1ce5da0875 to remote] DEBUG org.apache.http.headers - http-outgoing-0 << Content-Type:application/json; charset=utf-8
10:56:35.727 [Forwarding get on session d306150d0096aec5884f9b1ce5da0875 to remote] DEBUG org.apache.http.headers - http-outgoing-0 << cache-control:no-cache
10:56:35.727 [Forwarding get on session d306150d0096aec5884f9b1ce5da0875 to remote] DEBUG org.apache.http.impl.execchain.MainClientExec - Connection can be kept alive indefinitely
10:56:35.727 [Forwarding get on session d306150d0096aec5884f9b1ce5da0875 to remote] DEBUG org.apache.http.impl.conn.PoolingHttpClientConnectionManager - Connection [id: 0][route: {}->http://localhost:48753] can be kept alive indefinitely
10:56:35.728 [Forwarding get on session d306150d0096aec5884f9b1ce5da0875 to remote] DEBUG org.apache.http.impl.conn.PoolingHttpClientConnectionManager - Connection released: [id: 0][route: {}->http://localhost:48753][total kept alive: 1; route allocated: 1 of 2000; total allocated: 1 of 2000]
10:56:35.797 [Forwarding findElements on session d306150d0096aec5884f9b1ce5da0875 to remote] DEBUG org.apache.http.client.protocol.RequestAddCookies - CookieSpec selected: default
10:56:35.797 [Forwarding findElements on session d306150d0096aec5884f9b1ce5da0875 to remote] DEBUG org.apache.http.client.protocol.RequestAuthCache - Auth cache not set in the context
10:56:35.798 [Forwarding findElements on session d306150d0096aec5884f9b1ce5da0875 to remote] DEBUG org.apache.http.impl.conn.PoolingHttpClientConnectionManager - Connection request: [route: {}->http://localhost:48753][total kept alive: 1; route allocated: 1 of 2000; total allocated: 1 of 2000]
10:56:35.798 [Forwarding findElements on session d306150d0096aec5884f9b1ce5da0875 to remote] DEBUG org.apache.http.impl.conn.PoolingHttpClientConnectionManager - Connection leased: [id: 0][route: {}->http://localhost:48753][total kept alive: 0; route allocated: 1 of 2000; total allocated: 1 of 2000]
10:56:35.798 [Forwarding findElements on session d306150d0096aec5884f9b1ce5da0875 to remote] DEBUG org.apache.http.impl.execchain.MainClientExec - Stale connection check
10:56:35.801 [Forwarding findElements on session d306150d0096aec5884f9b1ce5da0875 to remote] DEBUG org.apache.http.wire - http-outgoing-0 << "[read] I/O error: Read timed out"
10:56:35.801 [Forwarding findElements on session d306150d0096aec5884f9b1ce5da0875 to remote] DEBUG org.apache.http.impl.conn.DefaultManagedHttpClientConnection - http-outgoing-0: set socket timeout to 10800000
10:56:35.801 [Forwarding findElements on session d306150d0096aec5884f9b1ce5da0875 to remote] DEBUG org.apache.http.impl.execchain.MainClientExec - Executing request POST /session/d306150d0096aec5884f9b1ce5da0875/elements HTTP/1.1
10:56:35.801 [Forwarding findElements on session d306150d0096aec5884f9b1ce5da0875 to remote] DEBUG org.apache.http.impl.execchain.MainClientExec - Target auth state: UNCHALLENGED
10:56:35.801 [Forwarding findElements on session d306150d0096aec5884f9b1ce5da0875 to remote] DEBUG org.apache.http.impl.execchain.MainClientExec - Proxy auth state: UNCHALLENGED
10:56:35.801 [Forwarding findElements on session d306150d0096aec5884f9b1ce5da0875 to remote] DEBUG org.apache.http.headers - http-outgoing-0 >> POST /session/d306150d0096aec5884f9b1ce5da0875/elements HTTP/1.1
10:56:35.801 [Forwarding findElements on session d306150d0096aec5884f9b1ce5da0875 to remote] DEBUG org.apache.http.headers - http-outgoing-0 >> Content-Type: application/json; charset=utf-8
10:56:35.802 [Forwarding findElements on session d306150d0096aec5884f9b1ce5da0875 to remote] DEBUG org.apache.http.headers - http-outgoing-0 >> Content-Length: 40
10:56:35.802 [Forwarding findElements on session d306150d0096aec5884f9b1ce5da0875 to remote] DEBUG org.apache.http.headers - http-outgoing-0 >> Host: localhost:48753
10:56:35.802 [Forwarding findElements on session d306150d0096aec5884f9b1ce5da0875 to remote] DEBUG org.apache.http.headers - http-outgoing-0 >> Connection: Keep-Alive
10:56:35.802 [Forwarding findElements on session d306150d0096aec5884f9b1ce5da0875 to remote] DEBUG org.apache.http.headers - http-outgoing-0 >> User-Agent: Apache-HttpClient/4.5.3 (Java/1.8.0_281)
10:56:35.802 [Forwarding findElements on session d306150d0096aec5884f9b1ce5da0875 to remote] DEBUG org.apache.http.headers - http-outgoing-0 >> Accept-Encoding: gzip,deflate
10:56:35.802 [Forwarding findElements on session d306150d0096aec5884f9b1ce5da0875 to remote] DEBUG org.apache.http.wire - http-outgoing-0 >> "POST /session/d306150d0096aec5884f9b1ce5da0875/elements HTTP/1.1[\r][\n]"
10:56:35.802 [Forwarding findElements on session d306150d0096aec5884f9b1ce5da0875 to remote] DEBUG org.apache.http.wire - http-outgoing-0 >> "Content-Type: application/json; charset=utf-8[\r][\n]"
10:56:35.802 [Forwarding findElements on session d306150d0096aec5884f9b1ce5da0875 to remote] DEBUG org.apache.http.wire - http-outgoing-0 >> "Content-Length: 40[\r][\n]"
10:56:35.802 [Forwarding findElements on session d306150d0096aec5884f9b1ce5da0875 to remote] DEBUG org.apache.http.wire - http-outgoing-0 >> "Host: localhost:48753[\r][\n]"
10:56:35.803 [Forwarding findElements on session d306150d0096aec5884f9b1ce5da0875 to remote] DEBUG org.apache.http.wire - http-outgoing-0 >> "Connection: Keep-Alive[\r][\n]"
10:56:35.803 [Forwarding findElements on session d306150d0096aec5884f9b1ce5da0875 to remote] DEBUG org.apache.http.wire - http-outgoing-0 >> "User-Agent: Apache-HttpClient/4.5.3 (Java/1.8.0_281)[\r][\n]"
10:56:35.803 [Forwarding findElements on session d306150d0096aec5884f9b1ce5da0875 to remote] DEBUG org.apache.http.wire - http-outgoing-0 >> "Accept-Encoding: gzip,deflate[\r][\n]"
10:56:35.803 [Forwarding findElements on session d306150d0096aec5884f9b1ce5da0875 to remote] DEBUG org.apache.http.wire - http-outgoing-0 >> "[\r][\n]"
10:56:35.803 [Forwarding findElements on session d306150d0096aec5884f9b1ce5da0875 to remote] DEBUG org.apache.http.wire - http-outgoing-0 >> "{"value":"input","using":"css selector"}"
10:56:35.823 [Forwarding findElements on session d306150d0096aec5884f9b1ce5da0875 to remote] DEBUG org.apache.http.wire - http-outgoing-0 << "HTTP/1.1 200 OK[\r][\n]"
10:56:35.823 [Forwarding findElements on session d306150d0096aec5884f9b1ce5da0875 to remote] DEBUG org.apache.http.wire - http-outgoing-0 << "Content-Length:643[\r][\n]"
10:56:35.824 [Forwarding findElements on session d306150d0096aec5884f9b1ce5da0875 to remote] DEBUG org.apache.http.wire - http-outgoing-0 << "Content-Type:application/json; charset=utf-8[\r][\n]"
10:56:35.824 [Forwarding findElements on session d306150d0096aec5884f9b1ce5da0875 to remote] DEBUG org.apache.http.wire - http-outgoing-0 << "cache-control:no-cache[\r][\n]"
10:56:35.824 [Forwarding findElements on session d306150d0096aec5884f9b1ce5da0875 to remote] DEBUG org.apache.http.wire - http-outgoing-0 << "[\r][\n]"
10:56:35.824 [Forwarding findElements on session d306150d0096aec5884f9b1ce5da0875 to remote] DEBUG org.apache.http.wire - http-outgoing-0 << "{"value":[{"element-6066-11e4-a52e-4f735466cecf":"4ddc40dd-fcca-4969-af48-0a03bc7581fc"},{"element-6066-11e4-a52e-4f735466cecf":"32644ee7-1005-470f-b6ea-05628f388305"},{"element-6066-11e4-a52e-4f735466cecf":"eb494c9f-f67b-48c4-bf1a-369f549da530"},{"element-6066-11e4-a52e-4f735466cecf":"c4a60466-68e4-471d-8619-643f62d4e8af"},{"element-6066-11e4-a52e-4f735466cecf":"6c33b58d-9057-4238-94e2-4c6fcb60699e"},{"element-6066-11e4-a52e-4f735466cecf":"153a1908-15ce-4791-a7dc-08e84951f41a"},{"element-6066-11e4-a52e-4f735466cecf":"e8d5dc40-e818-43ce-b925-dc566a86f62f"},{"element-6066-11e4-a52e-4f735466cecf":"13839c25-8783-483c-a07f-7138355f50ab"}]}"
10:56:35.824 [Forwarding findElements on session d306150d0096aec5884f9b1ce5da0875 to remote] DEBUG org.apache.http.headers - http-outgoing-0 << HTTP/1.1 200 OK
10:56:35.824 [Forwarding findElements on session d306150d0096aec5884f9b1ce5da0875 to remote] DEBUG org.apache.http.headers - http-outgoing-0 << Content-Length:643
10:56:35.824 [Forwarding findElements on session d306150d0096aec5884f9b1ce5da0875 to remote] DEBUG org.apache.http.headers - http-outgoing-0 << Content-Type:application/json; charset=utf-8
10:56:35.824 [Forwarding findElements on session d306150d0096aec5884f9b1ce5da0875 to remote] DEBUG org.apache.http.headers - http-outgoing-0 << cache-control:no-cache
10:56:35.824 [Forwarding findElements on session d306150d0096aec5884f9b1ce5da0875 to remote] DEBUG org.apache.http.impl.execchain.MainClientExec - Connection can be kept alive indefinitely
10:56:35.825 [Forwarding findElements on session d306150d0096aec5884f9b1ce5da0875 to remote] DEBUG org.apache.http.impl.conn.PoolingHttpClientConnectionManager - Connection [id: 0][route: {}->http://localhost:48753] can be kept alive indefinitely
10:56:35.825 [Forwarding findElements on session d306150d0096aec5884f9b1ce5da0875 to remote] DEBUG org.apache.http.impl.conn.PoolingHttpClientConnectionManager - Connection released: [id: 0][route: {}->http://localhost:48753][total kept alive: 1; route allocated: 1 of 2000; total allocated: 1 of 2000]
10:56:35.840 [Forwarding findElement on session d306150d0096aec5884f9b1ce5da0875 to remote] DEBUG org.apache.http.client.protocol.RequestAddCookies - CookieSpec selected: default
10:56:35.840 [Forwarding findElement on session d306150d0096aec5884f9b1ce5da0875 to remote] DEBUG org.apache.http.client.protocol.RequestAuthCache - Auth cache not set in the context
10:56:35.840 [Forwarding findElement on session d306150d0096aec5884f9b1ce5da0875 to remote] DEBUG org.apache.http.impl.conn.PoolingHttpClientConnectionManager - Connection request: [route: {}->http://localhost:48753][total kept alive: 1; route allocated: 1 of 2000; total allocated: 1 of 2000]
10:56:35.840 [Forwarding findElement on session d306150d0096aec5884f9b1ce5da0875 to remote] DEBUG org.apache.http.impl.conn.PoolingHttpClientConnectionManager - Connection leased: [id: 0][route: {}->http://localhost:48753][total kept alive: 0; route allocated: 1 of 2000; total allocated: 1 of 2000]
10:56:35.840 [Forwarding findElement on session d306150d0096aec5884f9b1ce5da0875 to remote] DEBUG org.apache.http.impl.execchain.MainClientExec - Stale connection check
10:56:35.849 [Forwarding findElement on session d306150d0096aec5884f9b1ce5da0875 to remote] DEBUG org.apache.http.wire - http-outgoing-0 << "[read] I/O error: Read timed out"
10:56:35.850 [Forwarding findElement on session d306150d0096aec5884f9b1ce5da0875 to remote] DEBUG org.apache.http.impl.conn.DefaultManagedHttpClientConnection - http-outgoing-0: set socket timeout to 10800000
10:56:35.850 [Forwarding findElement on session d306150d0096aec5884f9b1ce5da0875 to remote] DEBUG org.apache.http.impl.execchain.MainClientExec - Executing request POST /session/d306150d0096aec5884f9b1ce5da0875/element HTTP/1.1
10:56:35.850 [Forwarding findElement on session d306150d0096aec5884f9b1ce5da0875 to remote] DEBUG org.apache.http.impl.execchain.MainClientExec - Target auth state: UNCHALLENGED
10:56:35.850 [Forwarding findElement on session d306150d0096aec5884f9b1ce5da0875 to remote] DEBUG org.apache.http.impl.execchain.MainClientExec - Proxy auth state: UNCHALLENGED
10:56:35.850 [Forwarding findElement on session d306150d0096aec5884f9b1ce5da0875 to remote] DEBUG org.apache.http.headers - http-outgoing-0 >> POST /session/d306150d0096aec5884f9b1ce5da0875/element HTTP/1.1
10:56:35.850 [Forwarding findElement on session d306150d0096aec5884f9b1ce5da0875 to remote] DEBUG org.apache.http.headers - http-outgoing-0 >> Content-Type: application/json; charset=utf-8
10:56:35.850 [Forwarding findElement on session d306150d0096aec5884f9b1ce5da0875 to remote] DEBUG org.apache.http.headers - http-outgoing-0 >> Content-Length: 46
10:56:35.851 [Forwarding findElement on session d306150d0096aec5884f9b1ce5da0875 to remote] DEBUG org.apache.http.headers - http-outgoing-0 >> Host: localhost:48753
10:56:35.851 [Forwarding findElement on session d306150d0096aec5884f9b1ce5da0875 to remote] DEBUG org.apache.http.headers - http-outgoing-0 >> Connection: Keep-Alive
10:56:35.851 [Forwarding findElement on session d306150d0096aec5884f9b1ce5da0875 to remote] DEBUG org.apache.http.headers - http-outgoing-0 >> User-Agent: Apache-HttpClient/4.5.3 (Java/1.8.0_281)
10:56:35.851 [Forwarding findElement on session d306150d0096aec5884f9b1ce5da0875 to remote] DEBUG org.apache.http.headers - http-outgoing-0 >> Accept-Encoding: gzip,deflate
10:56:35.851 [Forwarding findElement on session d306150d0096aec5884f9b1ce5da0875 to remote] DEBUG org.apache.http.wire - http-outgoing-0 >> "POST /session/d306150d0096aec5884f9b1ce5da0875/element HTTP/1.1[\r][\n]"
10:56:35.851 [Forwarding findElement on session d306150d0096aec5884f9b1ce5da0875 to remote] DEBUG org.apache.http.wire - http-outgoing-0 >> "Content-Type: application/json; charset=utf-8[\r][\n]"
10:56:35.851 [Forwarding findElement on session d306150d0096aec5884f9b1ce5da0875 to remote] DEBUG org.apache.http.wire - http-outgoing-0 >> "Content-Length: 46[\r][\n]"
10:56:35.851 [Forwarding findElement on session d306150d0096aec5884f9b1ce5da0875 to remote] DEBUG org.apache.http.wire - http-outgoing-0 >> "Host: localhost:48753[\r][\n]"
10:56:35.851 [Forwarding findElement on session d306150d0096aec5884f9b1ce5da0875 to remote] DEBUG org.apache.http.wire - http-outgoing-0 >> "Connection: Keep-Alive[\r][\n]"
10:56:35.851 [Forwarding findElement on session d306150d0096aec5884f9b1ce5da0875 to remote] DEBUG org.apache.http.wire - http-outgoing-0 >> "User-Agent: Apache-HttpClient/4.5.3 (Java/1.8.0_281)[\r][\n]"
10:56:35.851 [Forwarding findElement on session d306150d0096aec5884f9b1ce5da0875 to remote] DEBUG org.apache.http.wire - http-outgoing-0 >> "Accept-Encoding: gzip,deflate[\r][\n]"
10:56:35.851 [Forwarding findElement on session d306150d0096aec5884f9b1ce5da0875 to remote] DEBUG org.apache.http.wire - http-outgoing-0 >> "[\r][\n]"
10:56:35.851 [Forwarding findElement on session d306150d0096aec5884f9b1ce5da0875 to remote] DEBUG org.apache.http.wire - http-outgoing-0 >> "{"value":"*[name='q']","using":"css selector"}"
10:56:35.870 [Forwarding findElement on session d306150d0096aec5884f9b1ce5da0875 to remote] DEBUG org.apache.http.wire - http-outgoing-0 << "HTTP/1.1 200 OK[\r][\n]"
10:56:35.871 [Forwarding findElement on session d306150d0096aec5884f9b1ce5da0875 to remote] DEBUG org.apache.http.wire - http-outgoing-0 << "Content-Length:88[\r][\n]"
10:56:35.871 [Forwarding findElement on session d306150d0096aec5884f9b1ce5da0875 to remote] DEBUG org.apache.http.wire - http-outgoing-0 << "Content-Type:application/json; charset=utf-8[\r][\n]"
10:56:35.871 [Forwarding findElement on session d306150d0096aec5884f9b1ce5da0875 to remote] DEBUG org.apache.http.wire - http-outgoing-0 << "cache-control:no-cache[\r][\n]"
10:56:35.871 [Forwarding findElement on session d306150d0096aec5884f9b1ce5da0875 to remote] DEBUG org.apache.http.wire - http-outgoing-0 << "[\r][\n]"
10:56:35.871 [Forwarding findElement on session d306150d0096aec5884f9b1ce5da0875 to remote] DEBUG org.apache.http.wire - http-outgoing-0 << "{"value":{"element-6066-11e4-a52e-4f735466cecf":"c4a60466-68e4-471d-8619-643f62d4e8af"}}"
10:56:35.872 [Forwarding findElement on session d306150d0096aec5884f9b1ce5da0875 to remote] DEBUG org.apache.http.headers - http-outgoing-0 << HTTP/1.1 200 OK
10:56:35.872 [Forwarding findElement on session d306150d0096aec5884f9b1ce5da0875 to remote] DEBUG org.apache.http.headers - http-outgoing-0 << Content-Length:88
10:56:35.872 [Forwarding findElement on session d306150d0096aec5884f9b1ce5da0875 to remote] DEBUG org.apache.http.headers - http-outgoing-0 << Content-Type:application/json; charset=utf-8
10:56:35.872 [Forwarding findElement on session d306150d0096aec5884f9b1ce5da0875 to remote] DEBUG org.apache.http.headers - http-outgoing-0 << cache-control:no-cache
10:56:35.872 [Forwarding findElement on session d306150d0096aec5884f9b1ce5da0875 to remote] DEBUG org.apache.http.impl.execchain.MainClientExec - Connection can be kept alive indefinitely
10:56:35.872 [Forwarding findElement on session d306150d0096aec5884f9b1ce5da0875 to remote] DEBUG org.apache.http.impl.conn.PoolingHttpClientConnectionManager - Connection [id: 0][route: {}->http://localhost:48753] can be kept alive indefinitely
10:56:35.873 [Forwarding findElement on session d306150d0096aec5884f9b1ce5da0875 to remote] DEBUG org.apache.http.impl.conn.PoolingHttpClientConnectionManager - Connection released: [id: 0][route: {}->http://localhost:48753][total kept alive: 1; route allocated: 1 of 2000; total allocated: 1 of 2000]
10:56:35.883 [Forwarding sendKeysToElement on session d306150d0096aec5884f9b1ce5da0875 to remote] DEBUG org.apache.http.client.protocol.RequestAddCookies - CookieSpec selected: default
10:56:35.884 [Forwarding sendKeysToElement on session d306150d0096aec5884f9b1ce5da0875 to remote] DEBUG org.apache.http.client.protocol.RequestAuthCache - Auth cache not set in the context
10:56:35.884 [Forwarding sendKeysToElement on session d306150d0096aec5884f9b1ce5da0875 to remote] DEBUG org.apache.http.impl.conn.PoolingHttpClientConnectionManager - Connection request: [route: {}->http://localhost:48753][total kept alive: 1; route allocated: 1 of 2000; total allocated: 1 of 2000]
10:56:35.884 [Forwarding sendKeysToElement on session d306150d0096aec5884f9b1ce5da0875 to remote] DEBUG org.apache.http.impl.conn.PoolingHttpClientConnectionManager - Connection leased: [id: 0][route: {}->http://localhost:48753][total kept alive: 0; route allocated: 1 of 2000; total allocated: 1 of 2000]
10:56:35.884 [Forwarding sendKeysToElement on session d306150d0096aec5884f9b1ce5da0875 to remote] DEBUG org.apache.http.impl.execchain.MainClientExec - Stale connection check
10:56:35.896 [Forwarding sendKeysToElement on session d306150d0096aec5884f9b1ce5da0875 to remote] DEBUG org.apache.http.wire - http-outgoing-0 << "[read] I/O error: Read timed out"
10:56:35.899 [Forwarding sendKeysToElement on session d306150d0096aec5884f9b1ce5da0875 to remote] DEBUG org.apache.http.impl.conn.DefaultManagedHttpClientConnection - http-outgoing-0: set socket timeout to 10800000
10:56:35.900 [Forwarding sendKeysToElement on session d306150d0096aec5884f9b1ce5da0875 to remote] DEBUG org.apache.http.impl.execchain.MainClientExec - Executing request POST /session/d306150d0096aec5884f9b1ce5da0875/element/c4a60466-68e4-471d-8619-643f62d4e8af/value HTTP/1.1
10:56:35.900 [Forwarding sendKeysToElement on session d306150d0096aec5884f9b1ce5da0875 to remote] DEBUG org.apache.http.impl.execchain.MainClientExec - Target auth state: UNCHALLENGED
10:56:35.900 [Forwarding sendKeysToElement on session d306150d0096aec5884f9b1ce5da0875 to remote] DEBUG org.apache.http.impl.execchain.MainClientExec - Proxy auth state: UNCHALLENGED
10:56:35.900 [Forwarding sendKeysToElement on session d306150d0096aec5884f9b1ce5da0875 to remote] DEBUG org.apache.http.headers - http-outgoing-0 >> POST /session/d306150d0096aec5884f9b1ce5da0875/element/c4a60466-68e4-471d-8619-643f62d4e8af/value HTTP/1.1
10:56:35.901 [Forwarding sendKeysToElement on session d306150d0096aec5884f9b1ce5da0875 to remote] DEBUG org.apache.http.headers - http-outgoing-0 >> Content-Type: application/json; charset=utf-8
10:56:35.901 [Forwarding sendKeysToElement on session d306150d0096aec5884f9b1ce5da0875 to remote] DEBUG org.apache.http.headers - http-outgoing-0 >> Content-Length: 305
10:56:35.901 [Forwarding sendKeysToElement on session d306150d0096aec5884f9b1ce5da0875 to remote] DEBUG org.apache.http.headers - http-outgoing-0 >> Host: localhost:48753
10:56:35.901 [Forwarding sendKeysToElement on session d306150d0096aec5884f9b1ce5da0875 to remote] DEBUG org.apache.http.headers - http-outgoing-0 >> Connection: Keep-Alive
10:56:35.901 [Forwarding sendKeysToElement on session d306150d0096aec5884f9b1ce5da0875 to remote] DEBUG org.apache.http.headers - http-outgoing-0 >> User-Agent: Apache-HttpClient/4.5.3 (Java/1.8.0_281)
10:56:35.901 [Forwarding sendKeysToElement on session d306150d0096aec5884f9b1ce5da0875 to remote] DEBUG org.apache.http.headers - http-outgoing-0 >> Accept-Encoding: gzip,deflate
10:56:35.901 [Forwarding sendKeysToElement on session d306150d0096aec5884f9b1ce5da0875 to remote] DEBUG org.apache.http.wire - http-outgoing-0 >> "POST /session/d306150d0096aec5884f9b1ce5da0875/element/c4a60466-68e4-471d-8619-643f62d4e8af/value HTTP/1.1[\r][\n]"
10:56:35.901 [Forwarding sendKeysToElement on session d306150d0096aec5884f9b1ce5da0875 to remote] DEBUG org.apache.http.wire - http-outgoing-0 >> "Content-Type: application/json; charset=utf-8[\r][\n]"
10:56:35.901 [Forwarding sendKeysToElement on session d306150d0096aec5884f9b1ce5da0875 to remote] DEBUG org.apache.http.wire - http-outgoing-0 >> "Content-Length: 305[\r][\n]"
10:56:35.901 [Forwarding sendKeysToElement on session d306150d0096aec5884f9b1ce5da0875 to remote] DEBUG org.apache.http.wire - http-outgoing-0 >> "Host: localhost:48753[\r][\n]"
10:56:35.901 [Forwarding sendKeysToElement on session d306150d0096aec5884f9b1ce5da0875 to remote] DEBUG org.apache.http.wire - http-outgoing-0 >> "Connection: Keep-Alive[\r][\n]"
10:56:35.901 [Forwarding sendKeysToElement on session d306150d0096aec5884f9b1ce5da0875 to remote] DEBUG org.apache.http.wire - http-outgoing-0 >> "User-Agent: Apache-HttpClient/4.5.3 (Java/1.8.0_281)[\r][\n]"
10:56:35.901 [Forwarding sendKeysToElement on session d306150d0096aec5884f9b1ce5da0875 to remote] DEBUG org.apache.http.wire - http-outgoing-0 >> "Accept-Encoding: gzip,deflate[\r][\n]"
10:56:35.902 [Forwarding sendKeysToElement on session d306150d0096aec5884f9b1ce5da0875 to remote] DEBUG org.apache.http.wire - http-outgoing-0 >> "[\r][\n]"
10:56:35.902 [Forwarding sendKeysToElement on session d306150d0096aec5884f9b1ce5da0875 to remote] DEBUG org.apache.http.wire - http-outgoing-0 >> "{"id":"c4a60466-68e4-471d-8619-643f62d4e8af","text":"Spark Java file upload example - First Few Lines","value":["S","p","a","r","k"," ","J","a","v","a"," ","f","i","l","e"," ","u","p","l","o","a","d"," ","e","x","a","m","p","l","e"," ","-"," ","F","i","r","s","t"," ","F","e","w"," ","L","i","n","e","s"]}"
10:56:36.413 [Forwarding sendKeysToElement on session d306150d0096aec5884f9b1ce5da0875 to remote] DEBUG org.apache.http.wire - http-outgoing-0 << "HTTP/1.1 200 OK[\r][\n]"
10:56:36.414 [Forwarding sendKeysToElement on session d306150d0096aec5884f9b1ce5da0875 to remote] DEBUG org.apache.http.wire - http-outgoing-0 << "Content-Length:14[\r][\n]"
10:56:36.414 [Forwarding sendKeysToElement on session d306150d0096aec5884f9b1ce5da0875 to remote] DEBUG org.apache.http.wire - http-outgoing-0 << "Content-Type:application/json; charset=utf-8[\r][\n]"
10:56:36.414 [Forwarding sendKeysToElement on session d306150d0096aec5884f9b1ce5da0875 to remote] DEBUG org.apache.http.wire - http-outgoing-0 << "cache-control:no-cache[\r][\n]"
10:56:36.414 [Forwarding sendKeysToElement on session d306150d0096aec5884f9b1ce5da0875 to remote] DEBUG org.apache.http.wire - http-outgoing-0 << "[\r][\n]"
10:56:36.414 [Forwarding sendKeysToElement on session d306150d0096aec5884f9b1ce5da0875 to remote] DEBUG org.apache.http.wire - http-outgoing-0 << "{"value":null}"
10:56:36.414 [Forwarding sendKeysToElement on session d306150d0096aec5884f9b1ce5da0875 to remote] DEBUG org.apache.http.headers - http-outgoing-0 << HTTP/1.1 200 OK
10:56:36.414 [Forwarding sendKeysToElement on session d306150d0096aec5884f9b1ce5da0875 to remote] DEBUG org.apache.http.headers - http-outgoing-0 << Content-Length:14
10:56:36.414 [Forwarding sendKeysToElement on session d306150d0096aec5884f9b1ce5da0875 to remote] DEBUG org.apache.http.headers - http-outgoing-0 << Content-Type:application/json; charset=utf-8
10:56:36.414 [Forwarding sendKeysToElement on session d306150d0096aec5884f9b1ce5da0875 to remote] DEBUG org.apache.http.headers - http-outgoing-0 << cache-control:no-cache
10:56:36.414 [Forwarding sendKeysToElement on session d306150d0096aec5884f9b1ce5da0875 to remote] DEBUG org.apache.http.impl.execchain.MainClientExec - Connection can be kept alive indefinitely
10:56:36.415 [Forwarding sendKeysToElement on session d306150d0096aec5884f9b1ce5da0875 to remote] DEBUG org.apache.http.impl.conn.PoolingHttpClientConnectionManager - Connection [id: 0][route: {}->http://localhost:48753] can be kept alive indefinitely
10:56:36.415 [Forwarding sendKeysToElement on session d306150d0096aec5884f9b1ce5da0875 to remote] DEBUG org.apache.http.impl.conn.PoolingHttpClientConnectionManager - Connection released: [id: 0][route: {}->http://localhost:48753][total kept alive: 1; route allocated: 1 of 2000; total allocated: 1 of 2000]
10:56:36.427 [Forwarding sendKeysToElement on session d306150d0096aec5884f9b1ce5da0875 to remote] DEBUG org.apache.http.client.protocol.RequestAddCookies - CookieSpec selected: default
10:56:36.427 [Forwarding sendKeysToElement on session d306150d0096aec5884f9b1ce5da0875 to remote] DEBUG org.apache.http.client.protocol.RequestAuthCache - Auth cache not set in the context
10:56:36.428 [Forwarding sendKeysToElement on session d306150d0096aec5884f9b1ce5da0875 to remote] DEBUG org.apache.http.impl.conn.PoolingHttpClientConnectionManager - Connection request: [route: {}->http://localhost:48753][total kept alive: 1; route allocated: 1 of 2000; total allocated: 1 of 2000]
10:56:36.428 [Forwarding sendKeysToElement on session d306150d0096aec5884f9b1ce5da0875 to remote] DEBUG org.apache.http.impl.conn.PoolingHttpClientConnectionManager - Connection leased: [id: 0][route: {}->http://localhost:48753][total kept alive: 0; route allocated: 1 of 2000; total allocated: 1 of 2000]
10:56:36.428 [Forwarding sendKeysToElement on session d306150d0096aec5884f9b1ce5da0875 to remote] DEBUG org.apache.http.impl.execchain.MainClientExec - Stale connection check
10:56:36.434 [Forwarding sendKeysToElement on session d306150d0096aec5884f9b1ce5da0875 to remote] DEBUG org.apache.http.wire - http-outgoing-0 << "[read] I/O error: Read timed out"
10:56:36.434 [Forwarding sendKeysToElement on session d306150d0096aec5884f9b1ce5da0875 to remote] DEBUG org.apache.http.impl.conn.DefaultManagedHttpClientConnection - http-outgoing-0: set socket timeout to 10800000
10:56:36.434 [Forwarding sendKeysToElement on session d306150d0096aec5884f9b1ce5da0875 to remote] DEBUG org.apache.http.impl.execchain.MainClientExec - Executing request POST /session/d306150d0096aec5884f9b1ce5da0875/element/c4a60466-68e4-471d-8619-643f62d4e8af/value HTTP/1.1
10:56:36.434 [Forwarding sendKeysToElement on session d306150d0096aec5884f9b1ce5da0875 to remote] DEBUG org.apache.http.impl.execchain.MainClientExec - Target auth state: UNCHALLENGED
10:56:36.434 [Forwarding sendKeysToElement on session d306150d0096aec5884f9b1ce5da0875 to remote] DEBUG org.apache.http.impl.execchain.MainClientExec - Proxy auth state: UNCHALLENGED
10:56:36.434 [Forwarding sendKeysToElement on session d306150d0096aec5884f9b1ce5da0875 to remote] DEBUG org.apache.http.headers - http-outgoing-0 >> POST /session/d306150d0096aec5884f9b1ce5da0875/element/c4a60466-68e4-471d-8619-643f62d4e8af/value HTTP/1.1
10:56:36.435 [Forwarding sendKeysToElement on session d306150d0096aec5884f9b1ce5da0875 to remote] DEBUG org.apache.http.headers - http-outgoing-0 >> Content-Type: application/json; charset=utf-8
10:56:36.435 [Forwarding sendKeysToElement on session d306150d0096aec5884f9b1ce5da0875 to remote] DEBUG org.apache.http.headers - http-outgoing-0 >> Content-Length: 74
10:56:36.435 [Forwarding sendKeysToElement on session d306150d0096aec5884f9b1ce5da0875 to remote] DEBUG org.apache.http.headers - http-outgoing-0 >> Host: localhost:48753
10:56:36.435 [Forwarding sendKeysToElement on session d306150d0096aec5884f9b1ce5da0875 to remote] DEBUG org.apache.http.headers - http-outgoing-0 >> Connection: Keep-Alive
10:56:36.435 [Forwarding sendKeysToElement on session d306150d0096aec5884f9b1ce5da0875 to remote] DEBUG org.apache.http.headers - http-outgoing-0 >> User-Agent: Apache-HttpClient/4.5.3 (Java/1.8.0_281)
10:56:36.435 [Forwarding sendKeysToElement on session d306150d0096aec5884f9b1ce5da0875 to remote] DEBUG org.apache.http.headers - http-outgoing-0 >> Accept-Encoding: gzip,deflate
10:56:36.435 [Forwarding sendKeysToElement on session d306150d0096aec5884f9b1ce5da0875 to remote] DEBUG org.apache.http.wire - http-outgoing-0 >> "POST /session/d306150d0096aec5884f9b1ce5da0875/element/c4a60466-68e4-471d-8619-643f62d4e8af/value HTTP/1.1[\r][\n]"
10:56:36.435 [Forwarding sendKeysToElement on session d306150d0096aec5884f9b1ce5da0875 to remote] DEBUG org.apache.http.wire - http-outgoing-0 >> "Content-Type: application/json; charset=utf-8[\r][\n]"
10:56:36.435 [Forwarding sendKeysToElement on session d306150d0096aec5884f9b1ce5da0875 to remote] DEBUG org.apache.http.wire - http-outgoing-0 >> "Content-Length: 74[\r][\n]"
10:56:36.435 [Forwarding sendKeysToElement on session d306150d0096aec5884f9b1ce5da0875 to remote] DEBUG org.apache.http.wire - http-outgoing-0 >> "Host: localhost:48753[\r][\n]"
10:56:36.435 [Forwarding sendKeysToElement on session d306150d0096aec5884f9b1ce5da0875 to remote] DEBUG org.apache.http.wire - http-outgoing-0 >> "Connection: Keep-Alive[\r][\n]"
10:56:36.436 [Forwarding sendKeysToElement on session d306150d0096aec5884f9b1ce5da0875 to remote] DEBUG org.apache.http.wire - http-outgoing-0 >> "User-Agent: Apache-HttpClient/4.5.3 (Java/1.8.0_281)[\r][\n]"
10:56:36.436 [Forwarding sendKeysToElement on session d306150d0096aec5884f9b1ce5da0875 to remote] DEBUG org.apache.http.wire - http-outgoing-0 >> "Accept-Encoding: gzip,deflate[\r][\n]"
10:56:36.436 [Forwarding sendKeysToElement on session d306150d0096aec5884f9b1ce5da0875 to remote] DEBUG org.apache.http.wire - http-outgoing-0 >> "[\r][\n]"
10:56:36.436 [Forwarding sendKeysToElement on session d306150d0096aec5884f9b1ce5da0875 to remote] DEBUG org.apache.http.wire - http-outgoing-0 >> "{"id":"c4a60466-68e4-471d-8619-643f62d4e8af","text":"[0xee][0x80][0x87]","value":["[0xee][0x80][0x87]"]}"
10:56:38.331 [Forwarding sendKeysToElement on session d306150d0096aec5884f9b1ce5da0875 to remote] DEBUG org.apache.http.wire - http-outgoing-0 << "HTTP/1.1 200 OK[\r][\n]"
10:56:38.331 [Forwarding sendKeysToElement on session d306150d0096aec5884f9b1ce5da0875 to remote] DEBUG org.apache.http.wire - http-outgoing-0 << "Content-Length:14[\r][\n]"
10:56:38.331 [Forwarding sendKeysToElement on session d306150d0096aec5884f9b1ce5da0875 to remote] DEBUG org.apache.http.wire - http-outgoing-0 << "Content-Type:application/json; charset=utf-8[\r][\n]"
10:56:38.331 [Forwarding sendKeysToElement on session d306150d0096aec5884f9b1ce5da0875 to remote] DEBUG org.apache.http.wire - http-outgoing-0 << "cache-control:no-cache[\r][\n]"
10:56:38.331 [Forwarding sendKeysToElement on session d306150d0096aec5884f9b1ce5da0875 to remote] DEBUG org.apache.http.wire - http-outgoing-0 << "[\r][\n]"
10:56:38.331 [Forwarding sendKeysToElement on session d306150d0096aec5884f9b1ce5da0875 to remote] DEBUG org.apache.http.wire - http-outgoing-0 << "{"value":null}"
10:56:38.331 [Forwarding sendKeysToElement on session d306150d0096aec5884f9b1ce5da0875 to remote] DEBUG org.apache.http.headers - http-outgoing-0 << HTTP/1.1 200 OK
10:56:38.331 [Forwarding sendKeysToElement on session d306150d0096aec5884f9b1ce5da0875 to remote] DEBUG org.apache.http.headers - http-outgoing-0 << Content-Length:14
10:56:38.331 [Forwarding sendKeysToElement on session d306150d0096aec5884f9b1ce5da0875 to remote] DEBUG org.apache.http.headers - http-outgoing-0 << Content-Type:application/json; charset=utf-8
10:56:38.332 [Forwarding sendKeysToElement on session d306150d0096aec5884f9b1ce5da0875 to remote] DEBUG org.apache.http.headers - http-outgoing-0 << cache-control:no-cache
10:56:38.332 [Forwarding sendKeysToElement on session d306150d0096aec5884f9b1ce5da0875 to remote] DEBUG org.apache.http.impl.execchain.MainClientExec - Connection can be kept alive indefinitely
10:56:38.332 [Forwarding sendKeysToElement on session d306150d0096aec5884f9b1ce5da0875 to remote] DEBUG org.apache.http.impl.conn.PoolingHttpClientConnectionManager - Connection [id: 0][route: {}->http://localhost:48753] can be kept alive indefinitely
10:56:38.332 [Forwarding sendKeysToElement on session d306150d0096aec5884f9b1ce5da0875 to remote] DEBUG org.apache.http.impl.conn.PoolingHttpClientConnectionManager - Connection released: [id: 0][route: {}->http://localhost:48753][total kept alive: 1; route allocated: 1 of 2000; total allocated: 1 of 2000]
10:56:38.337 [Forwarding quit on session d306150d0096aec5884f9b1ce5da0875 to remote] DEBUG org.apache.http.client.protocol.RequestAddCookies - CookieSpec selected: default
10:56:38.338 [Forwarding quit on session d306150d0096aec5884f9b1ce5da0875 to remote] DEBUG org.apache.http.client.protocol.RequestAuthCache - Auth cache not set in the context
10:56:38.339 [Forwarding quit on session d306150d0096aec5884f9b1ce5da0875 to remote] DEBUG org.apache.http.impl.conn.PoolingHttpClientConnectionManager - Connection request: [route: {}->http://localhost:48753][total kept alive: 1; route allocated: 1 of 2000; total allocated: 1 of 2000]
10:56:38.340 [Forwarding quit on session d306150d0096aec5884f9b1ce5da0875 to remote] DEBUG org.apache.http.impl.conn.PoolingHttpClientConnectionManager - Connection leased: [id: 0][route: {}->http://localhost:48753][total kept alive: 0; route allocated: 1 of 2000; total allocated: 1 of 2000]
10:56:38.340 [Forwarding quit on session d306150d0096aec5884f9b1ce5da0875 to remote] DEBUG org.apache.http.impl.execchain.MainClientExec - Stale connection check
10:56:38.351 [Forwarding quit on session d306150d0096aec5884f9b1ce5da0875 to remote] DEBUG org.apache.http.wire - http-outgoing-0 << "[read] I/O error: Read timed out"
10:56:38.351 [Forwarding quit on session d306150d0096aec5884f9b1ce5da0875 to remote] DEBUG org.apache.http.impl.conn.DefaultManagedHttpClientConnection - http-outgoing-0: set socket timeout to 10800000
10:56:38.351 [Forwarding quit on session d306150d0096aec5884f9b1ce5da0875 to remote] DEBUG org.apache.http.impl.execchain.MainClientExec - Executing request DELETE /session/d306150d0096aec5884f9b1ce5da0875 HTTP/1.1
10:56:38.351 [Forwarding quit on session d306150d0096aec5884f9b1ce5da0875 to remote] DEBUG org.apache.http.impl.execchain.MainClientExec - Target auth state: UNCHALLENGED
10:56:38.351 [Forwarding quit on session d306150d0096aec5884f9b1ce5da0875 to remote] DEBUG org.apache.http.impl.execchain.MainClientExec - Proxy auth state: UNCHALLENGED
10:56:38.352 [Forwarding quit on session d306150d0096aec5884f9b1ce5da0875 to remote] DEBUG org.apache.http.headers - http-outgoing-0 >> DELETE /session/d306150d0096aec5884f9b1ce5da0875 HTTP/1.1
10:56:38.352 [Forwarding quit on session d306150d0096aec5884f9b1ce5da0875 to remote] DEBUG org.apache.http.headers - http-outgoing-0 >> Host: localhost:48753
10:56:38.352 [Forwarding quit on session d306150d0096aec5884f9b1ce5da0875 to remote] DEBUG org.apache.http.headers - http-outgoing-0 >> Connection: Keep-Alive
10:56:38.352 [Forwarding quit on session d306150d0096aec5884f9b1ce5da0875 to remote] DEBUG org.apache.http.headers - http-outgoing-0 >> User-Agent: Apache-HttpClient/4.5.3 (Java/1.8.0_281)
10:56:38.353 [Forwarding quit on session d306150d0096aec5884f9b1ce5da0875 to remote] DEBUG org.apache.http.headers - http-outgoing-0 >> Accept-Encoding: gzip,deflate
10:56:38.353 [Forwarding quit on session d306150d0096aec5884f9b1ce5da0875 to remote] DEBUG org.apache.http.wire - http-outgoing-0 >> "DELETE /session/d306150d0096aec5884f9b1ce5da0875 HTTP/1.1[\r][\n]"
10:56:38.353 [Forwarding quit on session d306150d0096aec5884f9b1ce5da0875 to remote] DEBUG org.apache.http.wire - http-outgoing-0 >> "Host: localhost:48753[\r][\n]"
10:56:38.353 [Forwarding quit on session d306150d0096aec5884f9b1ce5da0875 to remote] DEBUG org.apache.http.wire - http-outgoing-0 >> "Connection: Keep-Alive[\r][\n]"
10:56:38.353 [Forwarding quit on session d306150d0096aec5884f9b1ce5da0875 to remote] DEBUG org.apache.http.wire - http-outgoing-0 >> "User-Agent: Apache-HttpClient/4.5.3 (Java/1.8.0_281)[\r][\n]"
10:56:38.353 [Forwarding quit on session d306150d0096aec5884f9b1ce5da0875 to remote] DEBUG org.apache.http.wire - http-outgoing-0 >> "Accept-Encoding: gzip,deflate[\r][\n]"
10:56:38.353 [Forwarding quit on session d306150d0096aec5884f9b1ce5da0875 to remote] DEBUG org.apache.http.wire - http-outgoing-0 >> "[\r][\n]"
10:56:38.606 [Forwarding quit on session d306150d0096aec5884f9b1ce5da0875 to remote] DEBUG org.apache.http.wire - http-outgoing-0 << "HTTP/1.1 200 OK[\r][\n]"
10:56:38.606 [Forwarding quit on session d306150d0096aec5884f9b1ce5da0875 to remote] DEBUG org.apache.http.wire - http-outgoing-0 << "Content-Length:14[\r][\n]"
10:56:38.606 [Forwarding quit on session d306150d0096aec5884f9b1ce5da0875 to remote] DEBUG org.apache.http.wire - http-outgoing-0 << "Content-Type:application/json; charset=utf-8[\r][\n]"
10:56:38.606 [Forwarding quit on session d306150d0096aec5884f9b1ce5da0875 to remote] DEBUG org.apache.http.wire - http-outgoing-0 << "cache-control:no-cache[\r][\n]"
10:56:38.606 [Forwarding quit on session d306150d0096aec5884f9b1ce5da0875 to remote] DEBUG org.apache.http.wire - http-outgoing-0 << "[\r][\n]"
10:56:38.606 [Forwarding quit on session d306150d0096aec5884f9b1ce5da0875 to remote] DEBUG org.apache.http.wire - http-outgoing-0 << "{"value":null}"
10:56:38.606 [Forwarding quit on session d306150d0096aec5884f9b1ce5da0875 to remote] DEBUG org.apache.http.headers - http-outgoing-0 << HTTP/1.1 200 OK
10:56:38.606 [Forwarding quit on session d306150d0096aec5884f9b1ce5da0875 to remote] DEBUG org.apache.http.headers - http-outgoing-0 << Content-Length:14
10:56:38.606 [Forwarding quit on session d306150d0096aec5884f9b1ce5da0875 to remote] DEBUG org.apache.http.headers - http-outgoing-0 << Content-Type:application/json; charset=utf-8
10:56:38.607 [Forwarding quit on session d306150d0096aec5884f9b1ce5da0875 to remote] DEBUG org.apache.http.headers - http-outgoing-0 << cache-control:no-cache
10:56:38.607 [Forwarding quit on session d306150d0096aec5884f9b1ce5da0875 to remote] DEBUG org.apache.http.impl.execchain.MainClientExec - Connection can be kept alive indefinitely
10:56:38.608 [Forwarding quit on session d306150d0096aec5884f9b1ce5da0875 to remote] DEBUG org.apache.http.impl.conn.PoolingHttpClientConnectionManager - Connection [id: 0][route: {}->http://localhost:48753] can be kept alive indefinitely
10:56:38.608 [Forwarding quit on session d306150d0096aec5884f9b1ce5da0875 to remote] DEBUG org.apache.http.impl.conn.PoolingHttpClientConnectionManager - Connection released: [id: 0][route: {}->http://localhost:48753][total kept alive: 1; route allocated: 1 of 2000; total allocated: 1 of 2000]
10:56:38.610 [Forwarding quit on session d306150d0096aec5884f9b1ce5da0875 to remote] DEBUG org.apache.http.impl.conn.PoolingHttpClientConnectionManager - Closing connections idle longer than 0 SECONDS
10:56:38.611 [Forwarding quit on session d306150d0096aec5884f9b1ce5da0875 to remote] DEBUG org.apache.http.impl.conn.DefaultManagedHttpClientConnection - http-outgoing-0: Close connection
]]></system-out>
  <system-err><![CDATA[Starting ChromeDriver 88.0.4324.96 (68dba2d8a0b149a1d3afac56fa74648032bcf46b-refs/branch-heads/4324@{#1784}) on port 48753
Only local connections are allowed.
Please see https://chromedriver.chromium.org/security-considerations for suggestions on keeping ChromeDriver safe.
ChromeDriver was started successfully.
Feb 06, 2021 10:56:33 AM org.openqa.selenium.remote.ProtocolHandshake createSession
INFO: Detected dialect: W3C
]]></system-err>
</testsuite>
